<?xml version="1.0" encoding="UTF-8"?>
<coverage generated="1671729802746" clover="3.2.0">
  <project timestamp="1671729802746" name="All files">
    <metrics statements="210" coveredstatements="205" conditionals="90" coveredconditionals="83" methods="59" coveredmethods="53" elements="359" coveredelements="341" complexity="0" loc="210" ncloc="210" packages="3" files="16" classes="16"/>
    <package name="constants">
      <metrics statements="9" coveredstatements="9" conditionals="5" coveredconditionals="5" methods="1" coveredmethods="1"/>
      <file name="routes.js" path="C:\Users\ArgoZen\Desktop\bill-app-ares-romain\Billed-app-FR-Front\src\constants\routes.js">
        <metrics statements="9" coveredstatements="9" conditionals="5" coveredconditionals="5" methods="1" coveredmethods="1"/>
        <line num="6" count="6" type="stmt"/>
        <line num="13" count="6" type="stmt"/>
        <line num="14" count="40" type="stmt"/>
        <line num="15" count="40" type="cond" truecount="5" falsecount="0"/>
        <line num="17" count="11" type="stmt"/>
        <line num="19" count="9" type="stmt"/>
        <line num="21" count="7" type="stmt"/>
        <line num="23" count="12" type="stmt"/>
        <line num="25" count="1" type="stmt"/>
      </file>
      <file name="usersTest.js" path="C:\Users\ArgoZen\Desktop\bill-app-ares-romain\Billed-app-FR-Front\src\constants\usersTest.js">
        <metrics statements="0" coveredstatements="0" conditionals="0" coveredconditionals="0" methods="0" coveredmethods="0"/>
      </file>
    </package>
    <package name="containers">
      <metrics statements="170" coveredstatements="165" conditionals="47" coveredconditionals="40" methods="43" coveredmethods="37"/>
      <file name="Bills.js" path="C:\Users\ArgoZen\Desktop\bill-app-ares-romain\Billed-app-FR-Front\src\containers\Bills.js">
        <metrics statements="26" coveredstatements="26" conditionals="4" coveredconditionals="3" methods="8" coveredmethods="8"/>
        <line num="7" count="5" type="stmt"/>
        <line num="8" count="5" type="stmt"/>
        <line num="9" count="5" type="stmt"/>
        <line num="10" count="5" type="stmt"/>
        <line num="11" count="5" type="cond" truecount="2" falsecount="0"/>
        <line num="12" count="5" type="stmt"/>
        <line num="13" count="5" type="stmt"/>
        <line num="14" count="8" type="stmt"/>
        <line num="16" count="5" type="stmt"/>
        <line num="19" count="5" type="stmt"/>
        <line num="20" count="3" type="stmt"/>
        <line num="23" count="5" type="stmt"/>
        <line num="24" count="8" type="stmt"/>
        <line num="25" count="8" type="stmt"/>
        <line num="26" count="8" type="stmt"/>
        <line num="27" count="8" type="stmt"/>
        <line num="30" count="5" type="stmt"/>
        <line num="31" count="3" type="cond" truecount="1" falsecount="1"/>
        <line num="32" count="3" type="stmt"/>
        <line num="36" count="2" type="stmt"/>
        <line num="38" count="5" type="stmt"/>
        <line num="39" count="5" type="stmt"/>
        <line num="48" count="1" type="stmt"/>
        <line num="49" count="1" type="stmt"/>
        <line num="57" count="2" type="stmt"/>
        <line num="58" count="2" type="stmt"/>
      </file>
      <file name="Dashboard.js" path="C:\Users\ArgoZen\Desktop\bill-app-ares-romain\Billed-app-FR-Front\src\containers\Dashboard.js">
        <metrics statements="71" coveredstatements="71" conditionals="39" coveredconditionals="35" methods="24" coveredmethods="19"/>
        <line num="8" count="6" type="stmt"/>
        <line num="9" count="44" type="cond" truecount="4" falsecount="0"/>
        <line num="27" count="104" type="stmt"/>
        <line num="31" count="6" type="stmt"/>
        <line num="32" count="6" type="stmt"/>
        <line num="33" count="6" type="cond" truecount="1" falsecount="1"/>
        <line num="35" count="6" type="cond" truecount="1" falsecount="1"/>
        <line num="37" count="6" type="stmt"/>
        <line num="39" count="6" type="stmt"/>
        <line num="57" count="6" type="stmt"/>
        <line num="58" count="6" type="cond" truecount="4" falsecount="0"/>
        <line num="61" count="6" type="stmt"/>
        <line num="62" count="5" type="cond" truecount="3" falsecount="0"/>
        <line num="64" count="3" type="stmt"/>
        <line num="66" count="1" type="stmt"/>
        <line num="68" count="1" type="stmt"/>
        <line num="74" count="14" type="stmt"/>
        <line num="75" count="14" type="stmt"/>
        <line num="76" count="14" type="stmt"/>
        <line num="77" count="14" type="stmt"/>
        <line num="78" count="14" type="stmt"/>
        <line num="79" count="14" type="stmt"/>
        <line num="80" count="14" type="stmt"/>
        <line num="83" count="14" type="stmt"/>
        <line num="84" count="1" type="stmt"/>
        <line num="85" count="1" type="stmt"/>
        <line num="86" count="1" type="stmt"/>
        <line num="87" count="1" type="cond" truecount="1" falsecount="1"/>
        <line num="91" count="3" type="cond" truecount="4" falsecount="0"/>
        <line num="92" count="3" type="cond" truecount="4" falsecount="0"/>
        <line num="93" count="3" type="cond" truecount="2" falsecount="0"/>
        <line num="94" count="2" type="stmt"/>
        <line num="95" count="8" type="stmt"/>
        <line num="97" count="2" type="stmt"/>
        <line num="98" count="2" type="stmt"/>
        <line num="99" count="2" type="stmt"/>
        <line num="100" count="2" type="stmt"/>
        <line num="102" count="1" type="stmt"/>
        <line num="104" count="1" type="stmt"/>
        <line num="107" count="1" type="stmt"/>
        <line num="108" count="1" type="stmt"/>
        <line num="110" count="3" type="stmt"/>
        <line num="111" count="3" type="stmt"/>
        <line num="112" count="3" type="stmt"/>
        <line num="115" count="14" type="stmt"/>
        <line num="116" count="1" type="stmt"/>
        <line num="121" count="1" type="stmt"/>
        <line num="122" count="1" type="stmt"/>
        <line num="125" count="14" type="stmt"/>
        <line num="126" count="1" type="stmt"/>
        <line num="131" count="1" type="stmt"/>
        <line num="132" count="1" type="stmt"/>
        <line num="136" count="6" type="cond" truecount="4" falsecount="0"/>
        <line num="137" count="6" type="cond" truecount="4" falsecount="0"/>
        <line num="138" count="6" type="cond" truecount="2" falsecount="0"/>
        <line num="139" count="5" type="stmt"/>
        <line num="140" count="5" type="stmt"/>
        <line num="142" count="5" type="stmt"/>
        <line num="144" count="1" type="stmt"/>
        <line num="145" count="1" type="stmt"/>
        <line num="147" count="1" type="stmt"/>
        <line num="150" count="6" type="stmt"/>
        <line num="152" count="24" type="stmt"/>
        <line num="155" count="6" type="stmt"/>
        <line num="159" count="14" type="stmt"/>
        <line num="160" count="5" type="cond" truecount="1" falsecount="1"/>
        <line num="161" count="5" type="stmt"/>
        <line num="165" count="3" type="stmt"/>
        <line num="166" count="12" type="stmt"/>
        <line num="172" count="3" type="stmt"/>
        <line num="175" count="2" type="stmt"/>
      </file>
      <file name="Login.js" path="C:\Users\ArgoZen\Desktop\bill-app-ares-romain\Billed-app-FR-Front\src\containers\Login.js">
        <metrics statements="28" coveredstatements="28" conditionals="0" coveredconditionals="0" methods="5" coveredmethods="5"/>
        <line num="3" count="4" type="stmt"/>
        <line num="8" count="6" type="stmt"/>
        <line num="9" count="6" type="stmt"/>
        <line num="10" count="6" type="stmt"/>
        <line num="11" count="6" type="stmt"/>
        <line num="12" count="6" type="stmt"/>
        <line num="13" count="6" type="stmt"/>
        <line num="14" count="6" type="stmt"/>
        <line num="15" count="6" type="stmt"/>
        <line num="16" count="6" type="stmt"/>
        <line num="18" count="6" type="stmt"/>
        <line num="19" count="2" type="stmt"/>
        <line num="20" count="2" type="stmt"/>
        <line num="26" count="2" type="stmt"/>
        <line num="27" count="2" type="stmt"/>
        <line num="29" count="2" type="stmt"/>
        <line num="30" count="2" type="stmt"/>
        <line num="31" count="2" type="stmt"/>
        <line num="32" count="2" type="stmt"/>
        <line num="37" count="6" type="stmt"/>
        <line num="38" count="2" type="stmt"/>
        <line num="39" count="2" type="stmt"/>
        <line num="46" count="2" type="stmt"/>
        <line num="47" count="2" type="stmt"/>
        <line num="49" count="2" type="stmt"/>
        <line num="50" count="2" type="stmt"/>
        <line num="51" count="2" type="stmt"/>
        <line num="52" count="2" type="stmt"/>
      </file>
      <file name="Logout.js" path="C:\Users\ArgoZen\Desktop\bill-app-ares-romain\Billed-app-FR-Front\src\containers\Logout.js">
        <metrics statements="7" coveredstatements="7" conditionals="0" coveredconditionals="0" methods="2" coveredmethods="2"/>
        <line num="5" count="25" type="stmt"/>
        <line num="6" count="25" type="stmt"/>
        <line num="7" count="25" type="stmt"/>
        <line num="8" count="25" type="stmt"/>
        <line num="11" count="25" type="stmt"/>
        <line num="12" count="2" type="stmt"/>
        <line num="13" count="2" type="stmt"/>
      </file>
      <file name="NewBill.js" path="C:\Users\ArgoZen\Desktop\bill-app-ares-romain\Billed-app-FR-Front\src\containers\NewBill.js">
        <metrics statements="38" coveredstatements="33" conditionals="4" coveredconditionals="2" methods="4" coveredmethods="3"/>
        <line num="6" count="5" type="stmt"/>
        <line num="7" count="5" type="stmt"/>
        <line num="8" count="5" type="stmt"/>
        <line num="9" count="5" type="stmt"/>
        <line num="10" count="5" type="stmt"/>
        <line num="11" count="5" type="stmt"/>
        <line num="12" count="5" type="stmt"/>
        <line num="13" count="5" type="stmt"/>
        <line num="14" count="5" type="stmt"/>
        <line num="15" count="5" type="stmt"/>
        <line num="16" count="5" type="stmt"/>
        <line num="18" count="5" type="stmt"/>
        <line num="19" count="6" type="stmt"/>
        <line num="20" count="6" type="stmt"/>
        <line num="21" count="6" type="stmt"/>
        <line num="22" count="6" type="stmt"/>
        <line num="23" count="6" type="stmt"/>
        <line num="24" count="6" type="stmt"/>
        <line num="25" count="6" type="stmt"/>
        <line num="26" count="6" type="stmt"/>
        <line num="27" count="6" type="stmt"/>
        <line num="28" count="6" type="stmt"/>
        <line num="29" count="6" type="stmt"/>
        <line num="30" count="6" type="cond" truecount="1" falsecount="1"/>
        <line num="31" count="0" type="stmt"/>
        <line num="40" count="0" type="stmt"/>
        <line num="41" count="0" type="stmt"/>
        <line num="42" count="0" type="stmt"/>
        <line num="43" count="0" type="stmt"/>
        <line num="46" count="6" type="stmt"/>
        <line num="47" count="6" type="stmt"/>
        <line num="50" count="5" type="stmt"/>
        <line num="51" count="2" type="stmt"/>
        <line num="52" count="2" type="stmt"/>
        <line num="53" count="2" type="stmt"/>
        <line num="54" count="2" type="stmt"/>
        <line num="67" count="2" type="stmt"/>
        <line num="68" count="2" type="stmt"/>
      </file>
    </package>
    <package name="views">
      <metrics statements="31" coveredstatements="31" conditionals="38" coveredconditionals="38" methods="15" coveredmethods="15"/>
      <file name="Actions.js" path="C:\Users\ArgoZen\Desktop\bill-app-ares-romain\Billed-app-FR-Front\src\views\Actions.js">
        <metrics statements="1" coveredstatements="1" conditionals="0" coveredconditionals="0" methods="1" coveredmethods="1"/>
        <line num="5" count="10" type="stmt"/>
      </file>
      <file name="BillsUI.js" path="C:\Users\ArgoZen\Desktop\bill-app-ares-romain\Billed-app-FR-Front\src\views\BillsUI.js">
        <metrics statements="13" coveredstatements="13" conditionals="16" coveredconditionals="16" methods="6" coveredmethods="6"/>
        <line num="7" count="6" type="stmt"/>
        <line num="8" count="8" type="stmt"/>
        <line num="24" count="6" type="stmt"/>
        <line num="25" count="9" type="cond" truecount="2" falsecount="0"/>
        <line num="26" count="9" type="cond" truecount="6" falsecount="0"/>
        <line num="27" count="9" type="stmt"/>
        <line num="28" count="9" type="cond" truecount="4" falsecount="0"/>
        <line num="33" count="15" type="stmt"/>
        <line num="50" count="15" type="cond" truecount="2" falsecount="0"/>
        <line num="51" count="1" type="stmt"/>
        <line num="52" count="14" type="cond" truecount="2" falsecount="0"/>
        <line num="53" count="5" type="stmt"/>
        <line num="56" count="9" type="stmt"/>
      </file>
      <file name="DashboardFormUI.js" path="C:\Users\ArgoZen\Desktop\bill-app-ares-romain\Billed-app-FR-Front\src\views\DashboardFormUI.js">
        <metrics statements="2" coveredstatements="2" conditionals="4" coveredconditionals="4" methods="2" coveredmethods="2"/>
        <line num="7" count="9" type="stmt"/>
        <line num="26" count="9" type="stmt"/>
      </file>
      <file name="DashboardUI.js" path="C:\Users\ArgoZen\Desktop\bill-app-ares-romain\Billed-app-FR-Front\src\views\DashboardUI.js">
        <metrics statements="5" coveredstatements="5" conditionals="10" coveredconditionals="10" methods="1" coveredmethods="1"/>
        <line num="10" count="21" type="cond" truecount="2" falsecount="0"/>
        <line num="11" count="6" type="stmt"/>
        <line num="12" count="15" type="cond" truecount="2" falsecount="0"/>
        <line num="13" count="3" type="stmt"/>
        <line num="16" count="12" type="stmt"/>
      </file>
      <file name="ErrorPage.js" path="C:\Users\ArgoZen\Desktop\bill-app-ares-romain\Billed-app-FR-Front\src\views\ErrorPage.js">
        <metrics statements="1" coveredstatements="1" conditionals="2" coveredconditionals="2" methods="1" coveredmethods="1"/>
        <line num="4" count="10" type="stmt"/>
      </file>
      <file name="LoadingPage.js" path="C:\Users\ArgoZen\Desktop\bill-app-ares-romain\Billed-app-FR-Front\src\views\LoadingPage.js">
        <metrics statements="1" coveredstatements="1" conditionals="0" coveredconditionals="0" methods="1" coveredmethods="1"/>
        <line num="5" count="8" type="stmt"/>
      </file>
      <file name="LoginUI.js" path="C:\Users\ArgoZen\Desktop\bill-app-ares-romain\Billed-app-FR-Front\src\views\LoginUI.js">
        <metrics statements="1" coveredstatements="1" conditionals="0" coveredconditionals="0" methods="1" coveredmethods="1"/>
        <line num="4" count="18" type="stmt"/>
      </file>
      <file name="NewBillUI.js" path="C:\Users\ArgoZen\Desktop\bill-app-ares-romain\Billed-app-FR-Front\src\views\NewBillUI.js">
        <metrics statements="1" coveredstatements="1" conditionals="0" coveredconditionals="0" methods="1" coveredmethods="1"/>
        <line num="5" count="10" type="stmt"/>
      </file>
      <file name="VerticalLayout.js" path="C:\Users\ArgoZen\Desktop\bill-app-ares-romain\Billed-app-FR-Front\src\views\VerticalLayout.js">
        <metrics statements="6" coveredstatements="6" conditionals="6" coveredconditionals="6" methods="1" coveredmethods="1"/>
        <line num="7" count="50" type="stmt"/>
        <line num="8" count="50" type="cond" truecount="2" falsecount="0"/>
        <line num="9" count="40" type="stmt"/>
        <line num="11" count="50" type="cond" truecount="4" falsecount="0"/>
        <line num="12" count="22" type="stmt"/>
        <line num="29" count="28" type="stmt"/>
      </file>
    </package>
  </project>
</coverage>
