{"C:\\Users\\ArgoZen\\Desktop\\bill-app-ares-romain\\Billed-app-FR-Front\\src\\constants\\routes.js": {"path":"C:\\Users\\ArgoZen\\Desktop\\bill-app-ares-romain\\Billed-app-FR-Front\\src\\constants\\routes.js","statementMap":{"0":{"start":{"line":6,"column":27},"end":{"line":11,"column":1}},"1":{"start":{"line":13,"column":22},"end":{"line":27,"column":1}},"2":{"start":{"line":14,"column":2},"end":{"line":14,"column":23}},"3":{"start":{"line":15,"column":2},"end":{"line":26,"column":3}},"4":{"start":{"line":17,"column":6},"end":{"line":17,"column":46}},"5":{"start":{"line":19,"column":6},"end":{"line":19,"column":46}},"6":{"start":{"line":21,"column":6},"end":{"line":21,"column":24}},"7":{"start":{"line":23,"column":6},"end":{"line":23,"column":50}},"8":{"start":{"line":25,"column":6},"end":{"line":25,"column":46}}},"fnMap":{"0":{"name":"(anonymous_0)","decl":{"start":{"line":13,"column":22},"end":{"line":13,"column":23}},"loc":{"start":{"line":13,"column":62},"end":{"line":27,"column":1}},"line":13}},"branchMap":{"0":{"loc":{"start":{"line":15,"column":2},"end":{"line":26,"column":3}},"type":"switch","locations":[{"start":{"line":16,"column":4},"end":{"line":17,"column":46}},{"start":{"line":18,"column":4},"end":{"line":19,"column":46}},{"start":{"line":20,"column":4},"end":{"line":21,"column":24}},{"start":{"line":22,"column":4},"end":{"line":23,"column":50}},{"start":{"line":24,"column":4},"end":{"line":25,"column":46}}],"line":15}},"s":{"0":6,"1":6,"2":40,"3":40,"4":11,"5":9,"6":7,"7":12,"8":1},"f":{"0":40},"b":{"0":[11,9,7,12,1]},"_coverageSchema":"1a1c01bbd47fc00a2c39e90264f33305004495a9","hash":"cf54a91cb4b50bd1dab38296dc5dc35b25df20da"}
,"C:\\Users\\ArgoZen\\Desktop\\bill-app-ares-romain\\Billed-app-FR-Front\\src\\constants\\usersTest.js": {"path":"C:\\Users\\ArgoZen\\Desktop\\bill-app-ares-romain\\Billed-app-FR-Front\\src\\constants\\usersTest.js","statementMap":{},"fnMap":{},"branchMap":{},"s":{},"f":{},"b":{},"_coverageSchema":"1a1c01bbd47fc00a2c39e90264f33305004495a9","hash":"b01944b8ac7fb093521e711447f0990ce0621eb6"}
,"C:\\Users\\ArgoZen\\Desktop\\bill-app-ares-romain\\Billed-app-FR-Front\\src\\containers\\Bills.js": {"path":"C:\\Users\\ArgoZen\\Desktop\\bill-app-ares-romain\\Billed-app-FR-Front\\src\\containers\\Bills.js","statementMap":{"0":{"start":{"line":7,"column":4},"end":{"line":7,"column":28}},"1":{"start":{"line":8,"column":4},"end":{"line":8,"column":32}},"2":{"start":{"line":9,"column":4},"end":{"line":9,"column":22}},"3":{"start":{"line":10,"column":26},"end":{"line":10,"column":86}},"4":{"start":{"line":11,"column":4},"end":{"line":11,"column":87}},"5":{"start":{"line":11,"column":23},"end":{"line":11,"column":87}},"6":{"start":{"line":12,"column":20},"end":{"line":12,"column":76}},"7":{"start":{"line":13,"column":4},"end":{"line":15,"column":6}},"8":{"start":{"line":14,"column":6},"end":{"line":14,"column":73}},"9":{"start":{"line":14,"column":43},"end":{"line":14,"column":72}},"10":{"start":{"line":16,"column":4},"end":{"line":16,"column":54}},"11":{"start":{"line":19,"column":23},"end":{"line":21,"column":3}},"12":{"start":{"line":20,"column":4},"end":{"line":20,"column":43}},"13":{"start":{"line":23,"column":23},"end":{"line":28,"column":3}},"14":{"start":{"line":24,"column":20},"end":{"line":24,"column":54}},"15":{"start":{"line":25,"column":21},"end":{"line":25,"column":63}},"16":{"start":{"line":26,"column":4},"end":{"line":26,"column":168}},"17":{"start":{"line":27,"column":4},"end":{"line":27,"column":34}},"18":{"start":{"line":30,"column":13},"end":{"line":61,"column":3}},"19":{"start":{"line":31,"column":4},"end":{"line":60,"column":5}},"20":{"start":{"line":32,"column":6},"end":{"line":59,"column":10}},"21":{"start":{"line":36,"column":24},"end":{"line":56,"column":14}},"22":{"start":{"line":38,"column":14},"end":{"line":55,"column":15}},"23":{"start":{"line":39,"column":16},"end":{"line":44,"column":17}},"24":{"start":{"line":48,"column":16},"end":{"line":48,"column":42}},"25":{"start":{"line":49,"column":16},"end":{"line":54,"column":17}},"26":{"start":{"line":57,"column":10},"end":{"line":57,"column":45}},"27":{"start":{"line":58,"column":10},"end":{"line":58,"column":22}}},"fnMap":{"0":{"name":"(anonymous_0)","decl":{"start":{"line":6,"column":2},"end":{"line":6,"column":3}},"loc":{"start":{"line":6,"column":61},"end":{"line":17,"column":3}},"line":6},"1":{"name":"(anonymous_1)","decl":{"start":{"line":13,"column":20},"end":{"line":13,"column":21}},"loc":{"start":{"line":13,"column":28},"end":{"line":15,"column":5}},"line":13},"2":{"name":"(anonymous_2)","decl":{"start":{"line":14,"column":37},"end":{"line":14,"column":38}},"loc":{"start":{"line":14,"column":43},"end":{"line":14,"column":72}},"line":14},"3":{"name":"(anonymous_3)","decl":{"start":{"line":19,"column":23},"end":{"line":19,"column":24}},"loc":{"start":{"line":19,"column":29},"end":{"line":21,"column":3}},"line":19},"4":{"name":"(anonymous_4)","decl":{"start":{"line":23,"column":23},"end":{"line":23,"column":24}},"loc":{"start":{"line":23,"column":33},"end":{"line":28,"column":3}},"line":23},"5":{"name":"(anonymous_5)","decl":{"start":{"line":30,"column":13},"end":{"line":30,"column":14}},"loc":{"start":{"line":30,"column":19},"end":{"line":61,"column":3}},"line":30},"6":{"name":"(anonymous_6)","decl":{"start":{"line":35,"column":14},"end":{"line":35,"column":15}},"loc":{"start":{"line":35,"column":26},"end":{"line":59,"column":9}},"line":35},"7":{"name":"(anonymous_7)","decl":{"start":{"line":37,"column":17},"end":{"line":37,"column":18}},"loc":{"start":{"line":37,"column":24},"end":{"line":56,"column":13}},"line":37}},"branchMap":{"0":{"loc":{"start":{"line":11,"column":4},"end":{"line":11,"column":87}},"type":"if","locations":[{"start":{"line":11,"column":4},"end":{"line":11,"column":87}},{"start":{"line":11,"column":4},"end":{"line":11,"column":87}}],"line":11},"1":{"loc":{"start":{"line":31,"column":4},"end":{"line":60,"column":5}},"type":"if","locations":[{"start":{"line":31,"column":4},"end":{"line":60,"column":5}},{"start":{"line":31,"column":4},"end":{"line":60,"column":5}}],"line":31}},"s":{"0":5,"1":5,"2":5,"3":5,"4":5,"5":2,"6":5,"7":5,"8":8,"9":4,"10":5,"11":5,"12":3,"13":5,"14":8,"15":8,"16":8,"17":8,"18":5,"19":3,"20":3,"21":2,"22":5,"23":5,"24":1,"25":1,"26":2,"27":2},"f":{"0":5,"1":8,"2":4,"3":3,"4":8,"5":3,"6":2,"7":5},"b":{"0":[2,3],"1":[3,0]},"_coverageSchema":"1a1c01bbd47fc00a2c39e90264f33305004495a9","hash":"0b324bd5909d55784c69afdbee66de96a49c37a1"}
,"C:\\Users\\ArgoZen\\Desktop\\bill-app-ares-romain\\Billed-app-FR-Front\\src\\containers\\Dashboard.js": {"path":"C:\\Users\\ArgoZen\\Desktop\\bill-app-ares-romain\\Billed-app-FR-Front\\src\\containers\\Dashboard.js","statementMap":{"0":{"start":{"line":8,"column":29},"end":{"line":29,"column":1}},"1":{"start":{"line":9,"column":2},"end":{"line":28,"column":11}},"2":{"start":{"line":27,"column":6},"end":{"line":27,"column":28}},"3":{"start":{"line":31,"column":20},"end":{"line":55,"column":1}},"4":{"start":{"line":32,"column":28},"end":{"line":32,"column":52}},"5":{"start":{"line":33,"column":20},"end":{"line":34,"column":40}},"6":{"start":{"line":35,"column":19},"end":{"line":36,"column":55}},"7":{"start":{"line":37,"column":2},"end":{"line":37,"column":34}},"8":{"start":{"line":39,"column":2},"end":{"line":54,"column":4}},"9":{"start":{"line":57,"column":21},"end":{"line":59,"column":1}},"10":{"start":{"line":58,"column":2},"end":{"line":58,"column":76}},"11":{"start":{"line":58,"column":51},"end":{"line":58,"column":61}},"12":{"start":{"line":61,"column":25},"end":{"line":70,"column":1}},"13":{"start":{"line":62,"column":2},"end":{"line":69,"column":3}},"14":{"start":{"line":64,"column":6},"end":{"line":64,"column":22}},"15":{"start":{"line":66,"column":6},"end":{"line":66,"column":23}},"16":{"start":{"line":68,"column":6},"end":{"line":68,"column":22}},"17":{"start":{"line":74,"column":4},"end":{"line":74,"column":28}},"18":{"start":{"line":75,"column":4},"end":{"line":75,"column":32}},"19":{"start":{"line":76,"column":4},"end":{"line":76,"column":22}},"20":{"start":{"line":77,"column":4},"end":{"line":77,"column":71}},"21":{"start":{"line":77,"column":35},"end":{"line":77,"column":70}},"22":{"start":{"line":78,"column":4},"end":{"line":78,"column":71}},"23":{"start":{"line":78,"column":35},"end":{"line":78,"column":70}},"24":{"start":{"line":79,"column":4},"end":{"line":79,"column":71}},"25":{"start":{"line":79,"column":35},"end":{"line":79,"column":70}},"26":{"start":{"line":80,"column":4},"end":{"line":80,"column":44}},"27":{"start":{"line":83,"column":23},"end":{"line":88,"column":3}},"28":{"start":{"line":84,"column":20},"end":{"line":84,"column":58}},"29":{"start":{"line":85,"column":21},"end":{"line":85,"column":69}},"30":{"start":{"line":86,"column":4},"end":{"line":86,"column":144}},"31":{"start":{"line":87,"column":4},"end":{"line":87,"column":96}},"32":{"start":{"line":87,"column":60},"end":{"line":87,"column":96}},"33":{"start":{"line":91,"column":4},"end":{"line":91,"column":75}},"34":{"start":{"line":91,"column":59},"end":{"line":91,"column":75}},"35":{"start":{"line":92,"column":4},"end":{"line":92,"column":71}},"36":{"start":{"line":92,"column":54},"end":{"line":92,"column":71}},"37":{"start":{"line":93,"column":4},"end":{"line":109,"column":5}},"38":{"start":{"line":94,"column":6},"end":{"line":96,"column":8}},"39":{"start":{"line":95,"column":8},"end":{"line":95,"column":61}},"40":{"start":{"line":97,"column":6},"end":{"line":97,"column":62}},"41":{"start":{"line":98,"column":6},"end":{"line":98,"column":69}},"42":{"start":{"line":99,"column":6},"end":{"line":99,"column":52}},"43":{"start":{"line":100,"column":6},"end":{"line":100,"column":20}},"44":{"start":{"line":102,"column":6},"end":{"line":102,"column":62}},"45":{"start":{"line":104,"column":6},"end":{"line":106,"column":8}},"46":{"start":{"line":107,"column":6},"end":{"line":107,"column":52}},"47":{"start":{"line":108,"column":6},"end":{"line":108,"column":20}},"48":{"start":{"line":110,"column":4},"end":{"line":110,"column":51}},"49":{"start":{"line":111,"column":4},"end":{"line":111,"column":72}},"50":{"start":{"line":111,"column":39},"end":{"line":111,"column":71}},"51":{"start":{"line":112,"column":4},"end":{"line":112,"column":72}},"52":{"start":{"line":112,"column":39},"end":{"line":112,"column":71}},"53":{"start":{"line":115,"column":23},"end":{"line":123,"column":3}},"54":{"start":{"line":116,"column":20},"end":{"line":120,"column":5}},"55":{"start":{"line":121,"column":4},"end":{"line":121,"column":28}},"56":{"start":{"line":122,"column":4},"end":{"line":122,"column":45}},"57":{"start":{"line":125,"column":23},"end":{"line":133,"column":3}},"58":{"start":{"line":126,"column":20},"end":{"line":130,"column":5}},"59":{"start":{"line":131,"column":4},"end":{"line":131,"column":28}},"60":{"start":{"line":132,"column":4},"end":{"line":132,"column":45}},"61":{"start":{"line":136,"column":4},"end":{"line":136,"column":76}},"62":{"start":{"line":136,"column":60},"end":{"line":136,"column":76}},"63":{"start":{"line":137,"column":4},"end":{"line":137,"column":76}},"64":{"start":{"line":137,"column":58},"end":{"line":137,"column":76}},"65":{"start":{"line":138,"column":4},"end":{"line":148,"column":5}},"66":{"start":{"line":139,"column":6},"end":{"line":139,"column":70}},"67":{"start":{"line":140,"column":6},"end":{"line":141,"column":65}},"68":{"start":{"line":142,"column":6},"end":{"line":142,"column":20}},"69":{"start":{"line":144,"column":6},"end":{"line":144,"column":71}},"70":{"start":{"line":145,"column":6},"end":{"line":146,"column":17}},"71":{"start":{"line":147,"column":6},"end":{"line":147,"column":20}},"72":{"start":{"line":150,"column":4},"end":{"line":153,"column":6}},"73":{"start":{"line":152,"column":6},"end":{"line":152,"column":122}},"74":{"start":{"line":152,"column":84},"end":{"line":152,"column":121}},"75":{"start":{"line":155,"column":4},"end":{"line":155,"column":16}},"76":{"start":{"line":159,"column":21},"end":{"line":178,"column":3}},"77":{"start":{"line":160,"column":4},"end":{"line":177,"column":5}},"78":{"start":{"line":161,"column":6},"end":{"line":176,"column":10}},"79":{"start":{"line":165,"column":24},"end":{"line":171,"column":15}},"80":{"start":{"line":166,"column":25},"end":{"line":171,"column":13}},"81":{"start":{"line":172,"column":10},"end":{"line":172,"column":22}},"82":{"start":{"line":175,"column":10},"end":{"line":175,"column":22}}},"fnMap":{"0":{"name":"(anonymous_0)","decl":{"start":{"line":8,"column":29},"end":{"line":8,"column":30}},"loc":{"start":{"line":8,"column":47},"end":{"line":29,"column":1}},"line":8},"1":{"name":"(anonymous_1)","decl":{"start":{"line":10,"column":16},"end":{"line":10,"column":17}},"loc":{"start":{"line":10,"column":24},"end":{"line":28,"column":5}},"line":10},"2":{"name":"(anonymous_2)","decl":{"start":{"line":31,"column":20},"end":{"line":31,"column":21}},"loc":{"start":{"line":31,"column":30},"end":{"line":55,"column":1}},"line":31},"3":{"name":"(anonymous_3)","decl":{"start":{"line":57,"column":21},"end":{"line":57,"column":22}},"loc":{"start":{"line":57,"column":32},"end":{"line":59,"column":1}},"line":57},"4":{"name":"(anonymous_4)","decl":{"start":{"line":58,"column":43},"end":{"line":58,"column":44}},"loc":{"start":{"line":58,"column":51},"end":{"line":58,"column":61}},"line":58},"5":{"name":"(anonymous_5)","decl":{"start":{"line":61,"column":25},"end":{"line":61,"column":26}},"loc":{"start":{"line":61,"column":36},"end":{"line":70,"column":1}},"line":61},"6":{"name":"(anonymous_6)","decl":{"start":{"line":73,"column":2},"end":{"line":73,"column":3}},"loc":{"start":{"line":73,"column":68},"end":{"line":81,"column":3}},"line":73},"7":{"name":"(anonymous_7)","decl":{"start":{"line":77,"column":28},"end":{"line":77,"column":29}},"loc":{"start":{"line":77,"column":35},"end":{"line":77,"column":70}},"line":77},"8":{"name":"(anonymous_8)","decl":{"start":{"line":78,"column":28},"end":{"line":78,"column":29}},"loc":{"start":{"line":78,"column":35},"end":{"line":78,"column":70}},"line":78},"9":{"name":"(anonymous_9)","decl":{"start":{"line":79,"column":28},"end":{"line":79,"column":29}},"loc":{"start":{"line":79,"column":35},"end":{"line":79,"column":70}},"line":79},"10":{"name":"(anonymous_10)","decl":{"start":{"line":83,"column":23},"end":{"line":83,"column":24}},"loc":{"start":{"line":83,"column":29},"end":{"line":88,"column":3}},"line":83},"11":{"name":"(anonymous_11)","decl":{"start":{"line":90,"column":2},"end":{"line":90,"column":3}},"loc":{"start":{"line":90,"column":35},"end":{"line":113,"column":3}},"line":90},"12":{"name":"(anonymous_12)","decl":{"start":{"line":94,"column":20},"end":{"line":94,"column":21}},"loc":{"start":{"line":94,"column":25},"end":{"line":96,"column":7}},"line":94},"13":{"name":"(anonymous_13)","decl":{"start":{"line":111,"column":32},"end":{"line":111,"column":33}},"loc":{"start":{"line":111,"column":39},"end":{"line":111,"column":71}},"line":111},"14":{"name":"(anonymous_14)","decl":{"start":{"line":112,"column":32},"end":{"line":112,"column":33}},"loc":{"start":{"line":112,"column":39},"end":{"line":112,"column":71}},"line":112},"15":{"name":"(anonymous_15)","decl":{"start":{"line":115,"column":23},"end":{"line":115,"column":24}},"loc":{"start":{"line":115,"column":36},"end":{"line":123,"column":3}},"line":115},"16":{"name":"(anonymous_16)","decl":{"start":{"line":125,"column":23},"end":{"line":125,"column":24}},"loc":{"start":{"line":125,"column":36},"end":{"line":133,"column":3}},"line":125},"17":{"name":"(anonymous_17)","decl":{"start":{"line":135,"column":2},"end":{"line":135,"column":3}},"loc":{"start":{"line":135,"column":37},"end":{"line":157,"column":3}},"line":135},"18":{"name":"(anonymous_18)","decl":{"start":{"line":150,"column":18},"end":{"line":150,"column":19}},"loc":{"start":{"line":150,"column":26},"end":{"line":153,"column":5}},"line":150},"19":{"name":"(anonymous_19)","decl":{"start":{"line":152,"column":77},"end":{"line":152,"column":78}},"loc":{"start":{"line":152,"column":84},"end":{"line":152,"column":121}},"line":152},"20":{"name":"(anonymous_20)","decl":{"start":{"line":159,"column":21},"end":{"line":159,"column":22}},"loc":{"start":{"line":159,"column":27},"end":{"line":178,"column":3}},"line":159},"21":{"name":"(anonymous_21)","decl":{"start":{"line":164,"column":14},"end":{"line":164,"column":15}},"loc":{"start":{"line":164,"column":26},"end":{"line":173,"column":9}},"line":164},"22":{"name":"(anonymous_22)","decl":{"start":{"line":166,"column":17},"end":{"line":166,"column":18}},"loc":{"start":{"line":166,"column":25},"end":{"line":171,"column":13}},"line":166},"23":{"name":"(anonymous_23)","decl":{"start":{"line":174,"column":15},"end":{"line":174,"column":16}},"loc":{"start":{"line":174,"column":24},"end":{"line":176,"column":9}},"line":174}},"branchMap":{"0":{"loc":{"start":{"line":9,"column":9},"end":{"line":28,"column":11}},"type":"cond-expr","locations":[{"start":{"line":10,"column":4},"end":{"line":28,"column":6}},{"start":{"line":28,"column":9},"end":{"line":28,"column":11}}],"line":9},"1":{"loc":{"start":{"line":9,"column":10},"end":{"line":9,"column":29}},"type":"binary-expr","locations":[{"start":{"line":9,"column":10},"end":{"line":9,"column":14}},{"start":{"line":9,"column":18},"end":{"line":9,"column":29}}],"line":9},"2":{"loc":{"start":{"line":33,"column":20},"end":{"line":34,"column":40}},"type":"cond-expr","locations":[{"start":{"line":34,"column":4},"end":{"line":34,"column":35}},{"start":{"line":34,"column":38},"end":{"line":34,"column":40}}],"line":33},"3":{"loc":{"start":{"line":35,"column":19},"end":{"line":36,"column":55}},"type":"cond-expr","locations":[{"start":{"line":36,"column":4},"end":{"line":36,"column":35}},{"start":{"line":36,"column":38},"end":{"line":36,"column":55}}],"line":35},"4":{"loc":{"start":{"line":58,"column":9},"end":{"line":58,"column":76}},"type":"cond-expr","locations":[{"start":{"line":58,"column":33},"end":{"line":58,"column":71}},{"start":{"line":58,"column":74},"end":{"line":58,"column":76}}],"line":58},"5":{"loc":{"start":{"line":58,"column":9},"end":{"line":58,"column":30}},"type":"binary-expr","locations":[{"start":{"line":58,"column":9},"end":{"line":58,"column":14}},{"start":{"line":58,"column":18},"end":{"line":58,"column":30}}],"line":58},"6":{"loc":{"start":{"line":62,"column":2},"end":{"line":69,"column":3}},"type":"switch","locations":[{"start":{"line":63,"column":4},"end":{"line":64,"column":22}},{"start":{"line":65,"column":4},"end":{"line":66,"column":23}},{"start":{"line":67,"column":4},"end":{"line":68,"column":22}}],"line":62},"7":{"loc":{"start":{"line":87,"column":4},"end":{"line":87,"column":96}},"type":"if","locations":[{"start":{"line":87,"column":4},"end":{"line":87,"column":96}},{"start":{"line":87,"column":4},"end":{"line":87,"column":96}}],"line":87},"8":{"loc":{"start":{"line":91,"column":4},"end":{"line":91,"column":75}},"type":"if","locations":[{"start":{"line":91,"column":4},"end":{"line":91,"column":75}},{"start":{"line":91,"column":4},"end":{"line":91,"column":75}}],"line":91},"9":{"loc":{"start":{"line":91,"column":8},"end":{"line":91,"column":57}},"type":"binary-expr","locations":[{"start":{"line":91,"column":8},"end":{"line":91,"column":34}},{"start":{"line":91,"column":38},"end":{"line":91,"column":57}}],"line":91},"10":{"loc":{"start":{"line":92,"column":4},"end":{"line":92,"column":71}},"type":"if","locations":[{"start":{"line":92,"column":4},"end":{"line":92,"column":71}},{"start":{"line":92,"column":4},"end":{"line":92,"column":71}}],"line":92},"11":{"loc":{"start":{"line":92,"column":8},"end":{"line":92,"column":52}},"type":"binary-expr","locations":[{"start":{"line":92,"column":8},"end":{"line":92,"column":29}},{"start":{"line":92,"column":33},"end":{"line":92,"column":52}}],"line":92},"12":{"loc":{"start":{"line":93,"column":4},"end":{"line":109,"column":5}},"type":"if","locations":[{"start":{"line":93,"column":4},"end":{"line":109,"column":5}},{"start":{"line":93,"column":4},"end":{"line":109,"column":5}}],"line":93},"13":{"loc":{"start":{"line":136,"column":4},"end":{"line":136,"column":76}},"type":"if","locations":[{"start":{"line":136,"column":4},"end":{"line":136,"column":76}},{"start":{"line":136,"column":4},"end":{"line":136,"column":76}}],"line":136},"14":{"loc":{"start":{"line":136,"column":8},"end":{"line":136,"column":58}},"type":"binary-expr","locations":[{"start":{"line":136,"column":8},"end":{"line":136,"column":34}},{"start":{"line":136,"column":38},"end":{"line":136,"column":58}}],"line":136},"15":{"loc":{"start":{"line":137,"column":4},"end":{"line":137,"column":76}},"type":"if","locations":[{"start":{"line":137,"column":4},"end":{"line":137,"column":76}},{"start":{"line":137,"column":4},"end":{"line":137,"column":76}}],"line":137},"16":{"loc":{"start":{"line":137,"column":8},"end":{"line":137,"column":56}},"type":"binary-expr","locations":[{"start":{"line":137,"column":8},"end":{"line":137,"column":32}},{"start":{"line":137,"column":36},"end":{"line":137,"column":56}}],"line":137},"17":{"loc":{"start":{"line":138,"column":4},"end":{"line":148,"column":5}},"type":"if","locations":[{"start":{"line":138,"column":4},"end":{"line":148,"column":5}},{"start":{"line":138,"column":4},"end":{"line":148,"column":5}}],"line":138},"18":{"loc":{"start":{"line":160,"column":4},"end":{"line":177,"column":5}},"type":"if","locations":[{"start":{"line":160,"column":4},"end":{"line":177,"column":5}},{"start":{"line":160,"column":4},"end":{"line":177,"column":5}}],"line":160}},"s":{"0":6,"1":44,"2":104,"3":6,"4":6,"5":6,"6":6,"7":6,"8":6,"9":6,"10":6,"11":6,"12":6,"13":5,"14":3,"15":1,"16":1,"17":14,"18":14,"19":14,"20":14,"21":0,"22":14,"23":0,"24":14,"25":0,"26":14,"27":14,"28":1,"29":1,"30":1,"31":1,"32":0,"33":3,"34":2,"35":3,"36":2,"37":3,"38":2,"39":8,"40":2,"41":2,"42":2,"43":2,"44":1,"45":1,"46":1,"47":1,"48":3,"49":3,"50":0,"51":3,"52":0,"53":14,"54":1,"55":1,"56":1,"57":14,"58":1,"59":1,"60":1,"61":6,"62":5,"63":6,"64":5,"65":6,"66":5,"67":5,"68":5,"69":1,"70":1,"71":1,"72":6,"73":24,"74":3,"75":6,"76":14,"77":5,"78":5,"79":3,"80":12,"81":3,"82":2},"f":{"0":44,"1":104,"2":6,"3":6,"4":6,"5":5,"6":14,"7":0,"8":0,"9":0,"10":1,"11":3,"12":8,"13":0,"14":0,"15":1,"16":1,"17":6,"18":24,"19":3,"20":5,"21":3,"22":12,"23":2},"b":{"0":[26,18],"1":[44,26],"2":[0,6],"3":[0,6],"4":[5,1],"5":[6,6],"6":[3,1,1],"7":[0,1],"8":[2,1],"9":[3,3],"10":[2,1],"11":[3,1],"12":[2,1],"13":[5,1],"14":[6,3],"15":[5,1],"16":[6,3],"17":[5,1],"18":[5,0]},"_coverageSchema":"1a1c01bbd47fc00a2c39e90264f33305004495a9","hash":"989c34c1c25bb834a1633e085ba8d94537c72195"}
,"C:\\Users\\ArgoZen\\Desktop\\bill-app-ares-romain\\Billed-app-FR-Front\\src\\containers\\Login.js": {"path":"C:\\Users\\ArgoZen\\Desktop\\bill-app-ares-romain\\Billed-app-FR-Front\\src\\containers\\Login.js","statementMap":{"0":{"start":{"line":3,"column":31},"end":{"line":3,"column":33}},"1":{"start":{"line":8,"column":4},"end":{"line":8,"column":28}},"2":{"start":{"line":9,"column":4},"end":{"line":9,"column":36}},"3":{"start":{"line":10,"column":4},"end":{"line":10,"column":32}},"4":{"start":{"line":11,"column":4},"end":{"line":11,"column":46}},"5":{"start":{"line":12,"column":4},"end":{"line":12,"column":22}},"6":{"start":{"line":13,"column":25},"end":{"line":13,"column":89}},"7":{"start":{"line":14,"column":4},"end":{"line":14,"column":70}},"8":{"start":{"line":15,"column":22},"end":{"line":15,"column":83}},"9":{"start":{"line":16,"column":4},"end":{"line":16,"column":64}},"10":{"start":{"line":18,"column":25},"end":{"line":35,"column":3}},"11":{"start":{"line":19,"column":4},"end":{"line":19,"column":22}},"12":{"start":{"line":20,"column":17},"end":{"line":25,"column":5}},"13":{"start":{"line":26,"column":4},"end":{"line":26,"column":59}},"14":{"start":{"line":27,"column":4},"end":{"line":33,"column":8}},"15":{"start":{"line":29,"column":8},"end":{"line":29,"column":45}},"16":{"start":{"line":30,"column":8},"end":{"line":30,"column":53}},"17":{"start":{"line":31,"column":8},"end":{"line":31,"column":50}},"18":{"start":{"line":32,"column":8},"end":{"line":32,"column":57}},"19":{"start":{"line":37,"column":22},"end":{"line":54,"column":3}},"20":{"start":{"line":38,"column":4},"end":{"line":38,"column":22}},"21":{"start":{"line":39,"column":17},"end":{"line":45,"column":5}},"22":{"start":{"line":46,"column":4},"end":{"line":46,"column":59}},"23":{"start":{"line":47,"column":4},"end":{"line":53,"column":8}},"24":{"start":{"line":49,"column":8},"end":{"line":49,"column":49}},"25":{"start":{"line":50,"column":8},"end":{"line":50,"column":57}},"26":{"start":{"line":51,"column":8},"end":{"line":51,"column":50}},"27":{"start":{"line":52,"column":8},"end":{"line":52,"column":52}}},"fnMap":{"0":{"name":"(anonymous_0)","decl":{"start":{"line":7,"column":2},"end":{"line":7,"column":3}},"loc":{"start":{"line":7,"column":80},"end":{"line":17,"column":3}},"line":7},"1":{"name":"(anonymous_1)","decl":{"start":{"line":18,"column":25},"end":{"line":18,"column":26}},"loc":{"start":{"line":18,"column":30},"end":{"line":35,"column":3}},"line":18},"2":{"name":"(anonymous_2)","decl":{"start":{"line":28,"column":12},"end":{"line":28,"column":13}},"loc":{"start":{"line":28,"column":18},"end":{"line":33,"column":7}},"line":28},"3":{"name":"(anonymous_3)","decl":{"start":{"line":37,"column":22},"end":{"line":37,"column":23}},"loc":{"start":{"line":37,"column":27},"end":{"line":54,"column":3}},"line":37},"4":{"name":"(anonymous_4)","decl":{"start":{"line":48,"column":12},"end":{"line":48,"column":13}},"loc":{"start":{"line":48,"column":18},"end":{"line":53,"column":7}},"line":48}},"branchMap":{},"s":{"0":4,"1":6,"2":6,"3":6,"4":6,"5":6,"6":6,"7":6,"8":6,"9":6,"10":6,"11":2,"12":2,"13":2,"14":2,"15":2,"16":2,"17":2,"18":2,"19":6,"20":2,"21":2,"22":2,"23":2,"24":2,"25":2,"26":2,"27":2},"f":{"0":6,"1":2,"2":2,"3":2,"4":2},"b":{},"_coverageSchema":"1a1c01bbd47fc00a2c39e90264f33305004495a9","hash":"8198b0ea8d36757c334dc12e991acad75b2310e1"}
,"C:\\Users\\ArgoZen\\Desktop\\bill-app-ares-romain\\Billed-app-FR-Front\\src\\containers\\Logout.js": {"path":"C:\\Users\\ArgoZen\\Desktop\\bill-app-ares-romain\\Billed-app-FR-Front\\src\\containers\\Logout.js","statementMap":{"0":{"start":{"line":5,"column":4},"end":{"line":5,"column":28}},"1":{"start":{"line":6,"column":4},"end":{"line":6,"column":32}},"2":{"start":{"line":7,"column":4},"end":{"line":7,"column":36}},"3":{"start":{"line":8,"column":4},"end":{"line":8,"column":51}},"4":{"start":{"line":11,"column":16},"end":{"line":14,"column":3}},"5":{"start":{"line":12,"column":4},"end":{"line":12,"column":29}},"6":{"start":{"line":13,"column":4},"end":{"line":13,"column":41}}},"fnMap":{"0":{"name":"(anonymous_0)","decl":{"start":{"line":4,"column":2},"end":{"line":4,"column":3}},"loc":{"start":{"line":4,"column":54},"end":{"line":9,"column":3}},"line":4},"1":{"name":"(anonymous_1)","decl":{"start":{"line":11,"column":16},"end":{"line":11,"column":17}},"loc":{"start":{"line":11,"column":23},"end":{"line":14,"column":3}},"line":11}},"branchMap":{},"s":{"0":25,"1":25,"2":25,"3":25,"4":25,"5":2,"6":2},"f":{"0":25,"1":2},"b":{},"_coverageSchema":"1a1c01bbd47fc00a2c39e90264f33305004495a9","hash":"a150f37c4cd248e8ed27260fc42ea617c43a04bc"}
,"C:\\Users\\ArgoZen\\Desktop\\bill-app-ares-romain\\Billed-app-FR-Front\\src\\containers\\NewBill.js": {"path":"C:\\Users\\ArgoZen\\Desktop\\bill-app-ares-romain\\Billed-app-FR-Front\\src\\containers\\NewBill.js","statementMap":{"0":{"start":{"line":6,"column":4},"end":{"line":6,"column":28}},"1":{"start":{"line":7,"column":4},"end":{"line":7,"column":32}},"2":{"start":{"line":8,"column":4},"end":{"line":8,"column":22}},"3":{"start":{"line":9,"column":24},"end":{"line":9,"column":88}},"4":{"start":{"line":10,"column":4},"end":{"line":10,"column":61}},"5":{"start":{"line":11,"column":17},"end":{"line":11,"column":73}},"6":{"start":{"line":12,"column":4},"end":{"line":12,"column":58}},"7":{"start":{"line":13,"column":4},"end":{"line":13,"column":23}},"8":{"start":{"line":14,"column":4},"end":{"line":14,"column":24}},"9":{"start":{"line":15,"column":4},"end":{"line":15,"column":22}},"10":{"start":{"line":16,"column":4},"end":{"line":16,"column":54}},"11":{"start":{"line":18,"column":21},"end":{"line":49,"column":3}},"12":{"start":{"line":19,"column":4},"end":{"line":19,"column":22}},"13":{"start":{"line":20,"column":17},"end":{"line":20,"column":82}},"14":{"start":{"line":21,"column":21},"end":{"line":21,"column":48}},"15":{"start":{"line":22,"column":21},"end":{"line":22,"column":50}},"16":{"start":{"line":23,"column":21},"end":{"line":23,"column":35}},"17":{"start":{"line":24,"column":18},"end":{"line":24,"column":64}},"18":{"start":{"line":25,"column":25},"end":{"line":25,"column":44}},"19":{"start":{"line":26,"column":23},"end":{"line":26,"column":60}},"20":{"start":{"line":27,"column":23},"end":{"line":27,"column":45}},"21":{"start":{"line":28,"column":4},"end":{"line":28,"column":33}},"22":{"start":{"line":29,"column":4},"end":{"line":29,"column":35}},"23":{"start":{"line":30,"column":4},"end":{"line":48,"column":5}},"24":{"start":{"line":31,"column":6},"end":{"line":44,"column":10}},"25":{"start":{"line":40,"column":10},"end":{"line":40,"column":30}},"26":{"start":{"line":41,"column":10},"end":{"line":41,"column":27}},"27":{"start":{"line":42,"column":10},"end":{"line":42,"column":32}},"28":{"start":{"line":43,"column":10},"end":{"line":43,"column":34}},"29":{"start":{"line":46,"column":6},"end":{"line":46,"column":25}},"30":{"start":{"line":47,"column":6},"end":{"line":47,"column":73}},"31":{"start":{"line":50,"column":17},"end":{"line":69,"column":3}},"32":{"start":{"line":51,"column":4},"end":{"line":51,"column":22}},"33":{"start":{"line":52,"column":4},"end":{"line":52,"column":147}},"34":{"start":{"line":53,"column":18},"end":{"line":53,"column":64}},"35":{"start":{"line":54,"column":17},"end":{"line":66,"column":5}},"36":{"start":{"line":67,"column":4},"end":{"line":67,"column":25}},"37":{"start":{"line":68,"column":4},"end":{"line":68,"column":41}}},"fnMap":{"0":{"name":"(anonymous_0)","decl":{"start":{"line":5,"column":2},"end":{"line":5,"column":3}},"loc":{"start":{"line":5,"column":61},"end":{"line":17,"column":3}},"line":5},"1":{"name":"(anonymous_1)","decl":{"start":{"line":18,"column":21},"end":{"line":18,"column":22}},"loc":{"start":{"line":18,"column":26},"end":{"line":49,"column":3}},"line":18},"2":{"name":"(anonymous_2)","decl":{"start":{"line":39,"column":14},"end":{"line":39,"column":15}},"loc":{"start":{"line":39,"column":36},"end":{"line":44,"column":9}},"line":39},"3":{"name":"(anonymous_3)","decl":{"start":{"line":50,"column":17},"end":{"line":50,"column":18}},"loc":{"start":{"line":50,"column":22},"end":{"line":69,"column":3}},"line":50}},"branchMap":{"0":{"loc":{"start":{"line":30,"column":4},"end":{"line":48,"column":5}},"type":"if","locations":[{"start":{"line":30,"column":4},"end":{"line":48,"column":5}},{"start":{"line":30,"column":4},"end":{"line":48,"column":5}}],"line":30},"1":{"loc":{"start":{"line":61,"column":11},"end":{"line":61,"column":83}},"type":"binary-expr","locations":[{"start":{"line":61,"column":11},"end":{"line":61,"column":77}},{"start":{"line":61,"column":81},"end":{"line":61,"column":83}}],"line":61}},"s":{"0":5,"1":5,"2":5,"3":5,"4":5,"5":5,"6":5,"7":5,"8":5,"9":5,"10":5,"11":5,"12":6,"13":6,"14":6,"15":6,"16":6,"17":6,"18":6,"19":6,"20":6,"21":6,"22":6,"23":6,"24":0,"25":0,"26":0,"27":0,"28":0,"29":6,"30":6,"31":5,"32":2,"33":2,"34":2,"35":2,"36":2,"37":2},"f":{"0":5,"1":6,"2":0,"3":2},"b":{"0":[0,6],"1":[2,0]},"_coverageSchema":"1a1c01bbd47fc00a2c39e90264f33305004495a9","hash":"d4f2afbc9795f426ef86c16a08c9ab91effc5e10"}
,"C:\\Users\\ArgoZen\\Desktop\\bill-app-ares-romain\\Billed-app-FR-Front\\src\\views\\Actions.js": {"path":"C:\\Users\\ArgoZen\\Desktop\\bill-app-ares-romain\\Billed-app-FR-Front\\src\\views\\Actions.js","statementMap":{"0":{"start":{"line":5,"column":2},"end":{"line":11,"column":3}}},"fnMap":{"0":{"name":"(anonymous_0)","decl":{"start":{"line":4,"column":15},"end":{"line":4,"column":16}},"loc":{"start":{"line":4,"column":28},"end":{"line":12,"column":1}},"line":4}},"branchMap":{},"s":{"0":10},"f":{"0":10},"b":{},"_coverageSchema":"1a1c01bbd47fc00a2c39e90264f33305004495a9","hash":"52caca1d9ace63a5b9aae0762fa5928ec909ba96"}
,"C:\\Users\\ArgoZen\\Desktop\\bill-app-ares-romain\\Billed-app-FR-Front\\src\\views\\BillsUI.js": {"path":"C:\\Users\\ArgoZen\\Desktop\\bill-app-ares-romain\\Billed-app-FR-Front\\src\\views\\BillsUI.js","statementMap":{"0":{"start":{"line":7,"column":12},"end":{"line":20,"column":1}},"1":{"start":{"line":8,"column":2},"end":{"line":19,"column":6}},"2":{"start":{"line":24,"column":13},"end":{"line":29,"column":1}},"3":{"start":{"line":25,"column":2},"end":{"line":25,"column":19}},"4":{"start":{"line":26,"column":21},"end":{"line":26,"column":115}},"5":{"start":{"line":26,"column":32},"end":{"line":26,"column":114}},"6":{"start":{"line":27,"column":2},"end":{"line":27,"column":23}},"7":{"start":{"line":28,"column":2},"end":{"line":28,"column":74}},"8":{"start":{"line":28,"column":50},"end":{"line":28,"column":59}},"9":{"start":{"line":33,"column":16},"end":{"line":48,"column":4}},"10":{"start":{"line":33,"column":23},"end":{"line":48,"column":3}},"11":{"start":{"line":50,"column":2},"end":{"line":54,"column":3}},"12":{"start":{"line":51,"column":4},"end":{"line":51,"column":24}},"13":{"start":{"line":52,"column":9},"end":{"line":54,"column":3}},"14":{"start":{"line":53,"column":4},"end":{"line":53,"column":27}},"15":{"start":{"line":56,"column":2},"end":{"line":84,"column":3}}},"fnMap":{"0":{"name":"(anonymous_0)","decl":{"start":{"line":7,"column":12},"end":{"line":7,"column":13}},"loc":{"start":{"line":7,"column":22},"end":{"line":20,"column":1}},"line":7},"1":{"name":"(anonymous_1)","decl":{"start":{"line":24,"column":13},"end":{"line":24,"column":14}},"loc":{"start":{"line":24,"column":23},"end":{"line":29,"column":1}},"line":24},"2":{"name":"(anonymous_2)","decl":{"start":{"line":26,"column":21},"end":{"line":26,"column":22}},"loc":{"start":{"line":26,"column":32},"end":{"line":26,"column":114}},"line":26},"3":{"name":"(anonymous_3)","decl":{"start":{"line":28,"column":42},"end":{"line":28,"column":43}},"loc":{"start":{"line":28,"column":50},"end":{"line":28,"column":59}},"line":28},"4":{"name":"(anonymous_4)","decl":{"start":{"line":31,"column":15},"end":{"line":31,"column":16}},"loc":{"start":{"line":31,"column":52},"end":{"line":85,"column":1}},"line":31},"5":{"name":"(anonymous_5)","decl":{"start":{"line":33,"column":16},"end":{"line":33,"column":17}},"loc":{"start":{"line":33,"column":23},"end":{"line":48,"column":3}},"line":33}},"branchMap":{"0":{"loc":{"start":{"line":25,"column":9},"end":{"line":25,"column":19}},"type":"binary-expr","locations":[{"start":{"line":25,"column":9},"end":{"line":25,"column":13}},{"start":{"line":25,"column":17},"end":{"line":25,"column":19}}],"line":25},"1":{"loc":{"start":{"line":26,"column":32},"end":{"line":26,"column":114}},"type":"cond-expr","locations":[{"start":{"line":26,"column":108},"end":{"line":26,"column":109}},{"start":{"line":26,"column":112},"end":{"line":26,"column":114}}],"line":26},"2":{"loc":{"start":{"line":26,"column":42},"end":{"line":26,"column":66}},"type":"binary-expr","locations":[{"start":{"line":26,"column":42},"end":{"line":26,"column":56}},{"start":{"line":26,"column":60},"end":{"line":26,"column":66}}],"line":26},"3":{"loc":{"start":{"line":26,"column":79},"end":{"line":26,"column":103}},"type":"binary-expr","locations":[{"start":{"line":26,"column":79},"end":{"line":26,"column":93}},{"start":{"line":26,"column":97},"end":{"line":26,"column":103}}],"line":26},"4":{"loc":{"start":{"line":28,"column":9},"end":{"line":28,"column":74}},"type":"cond-expr","locations":[{"start":{"line":28,"column":33},"end":{"line":28,"column":69}},{"start":{"line":28,"column":72},"end":{"line":28,"column":74}}],"line":28},"5":{"loc":{"start":{"line":28,"column":10},"end":{"line":28,"column":29}},"type":"binary-expr","locations":[{"start":{"line":28,"column":10},"end":{"line":28,"column":14}},{"start":{"line":28,"column":18},"end":{"line":28,"column":29}}],"line":28},"6":{"loc":{"start":{"line":50,"column":2},"end":{"line":54,"column":3}},"type":"if","locations":[{"start":{"line":50,"column":2},"end":{"line":54,"column":3}},{"start":{"line":50,"column":2},"end":{"line":54,"column":3}}],"line":50},"7":{"loc":{"start":{"line":52,"column":9},"end":{"line":54,"column":3}},"type":"if","locations":[{"start":{"line":52,"column":9},"end":{"line":54,"column":3}},{"start":{"line":52,"column":9},"end":{"line":54,"column":3}}],"line":52}},"s":{"0":6,"1":8,"2":6,"3":9,"4":9,"5":9,"6":9,"7":9,"8":8,"9":15,"10":9,"11":15,"12":1,"13":14,"14":5,"15":9},"f":{"0":8,"1":9,"2":9,"3":8,"4":15,"5":9},"b":{"0":[9,6],"1":[6,3],"2":[9,9],"3":[9,9],"4":[2,7],"5":[9,9],"6":[1,14],"7":[5,9]},"_coverageSchema":"1a1c01bbd47fc00a2c39e90264f33305004495a9","hash":"e79ed4b59a83d6941752ae8f7239459fdc0c858f"}
,"C:\\Users\\ArgoZen\\Desktop\\bill-app-ares-romain\\Billed-app-FR-Front\\src\\views\\DashboardFormUI.js": {"path":"C:\\Users\\ArgoZen\\Desktop\\bill-app-ares-romain\\Billed-app-FR-Front\\src\\views\\DashboardFormUI.js","statementMap":{"0":{"start":{"line":7,"column":21},"end":{"line":22,"column":4}},"1":{"start":{"line":7,"column":28},"end":{"line":22,"column":3}},"2":{"start":{"line":26,"column":2},"end":{"line":101,"column":4}}},"fnMap":{"0":{"name":"(anonymous_0)","decl":{"start":{"line":7,"column":21},"end":{"line":7,"column":22}},"loc":{"start":{"line":7,"column":28},"end":{"line":22,"column":3}},"line":7},"1":{"name":"(anonymous_1)","decl":{"start":{"line":24,"column":15},"end":{"line":24,"column":16}},"loc":{"start":{"line":24,"column":25},"end":{"line":102,"column":1}},"line":24}},"branchMap":{"0":{"loc":{"start":{"line":79,"column":9},"end":{"line":89,"column":9}},"type":"cond-expr","locations":[{"start":{"line":79,"column":38},"end":{"line":84,"column":8}},{"start":{"line":84,"column":13},"end":{"line":89,"column":8}}],"line":79},"1":{"loc":{"start":{"line":92,"column":8},"end":{"line":97,"column":13}},"type":"cond-expr","locations":[{"start":{"line":92,"column":37},"end":{"line":97,"column":7}},{"start":{"line":97,"column":11},"end":{"line":97,"column":13}}],"line":92}},"s":{"0":7,"1":9,"2":9},"f":{"0":9,"1":9},"b":{"0":[6,3],"1":[6,3]},"_coverageSchema":"1a1c01bbd47fc00a2c39e90264f33305004495a9","hash":"ff53657d6b558064263dd547124c5e2f4ed203e6"}
,"C:\\Users\\ArgoZen\\Desktop\\bill-app-ares-romain\\Billed-app-FR-Front\\src\\views\\DashboardUI.js": {"path":"C:\\Users\\ArgoZen\\Desktop\\bill-app-ares-romain\\Billed-app-FR-Front\\src\\views\\DashboardUI.js","statementMap":{"0":{"start":{"line":10,"column":2},"end":{"line":14,"column":3}},"1":{"start":{"line":11,"column":4},"end":{"line":11,"column":24}},"2":{"start":{"line":12,"column":9},"end":{"line":14,"column":3}},"3":{"start":{"line":13,"column":4},"end":{"line":13,"column":27}},"4":{"start":{"line":16,"column":2},"end":{"line":48,"column":3}}},"fnMap":{"0":{"name":"(anonymous_0)","decl":{"start":{"line":8,"column":15},"end":{"line":8,"column":16}},"loc":{"start":{"line":8,"column":45},"end":{"line":49,"column":1}},"line":8}},"branchMap":{"0":{"loc":{"start":{"line":10,"column":2},"end":{"line":14,"column":3}},"type":"if","locations":[{"start":{"line":10,"column":2},"end":{"line":14,"column":3}},{"start":{"line":10,"column":2},"end":{"line":14,"column":3}}],"line":10},"1":{"loc":{"start":{"line":12,"column":9},"end":{"line":14,"column":3}},"type":"if","locations":[{"start":{"line":12,"column":9},"end":{"line":14,"column":3}},{"start":{"line":12,"column":9},"end":{"line":14,"column":3}}],"line":12},"2":{"loc":{"start":{"line":22,"column":45},"end":{"line":22,"column":63}},"type":"binary-expr","locations":[{"start":{"line":22,"column":45},"end":{"line":22,"column":49}},{"start":{"line":22,"column":53},"end":{"line":22,"column":63}}],"line":22},"3":{"loc":{"start":{"line":29,"column":43},"end":{"line":29,"column":61}},"type":"binary-expr","locations":[{"start":{"line":29,"column":43},"end":{"line":29,"column":47}},{"start":{"line":29,"column":51},"end":{"line":29,"column":61}}],"line":29},"4":{"loc":{"start":{"line":36,"column":43},"end":{"line":36,"column":61}},"type":"binary-expr","locations":[{"start":{"line":36,"column":43},"end":{"line":36,"column":47}},{"start":{"line":36,"column":51},"end":{"line":36,"column":61}}],"line":36}},"s":{"0":21,"1":6,"2":15,"3":3,"4":12},"f":{"0":21},"b":{"0":[6,15],"1":[3,12],"2":[12,7],"3":[12,7],"4":[12,7]},"_coverageSchema":"1a1c01bbd47fc00a2c39e90264f33305004495a9","hash":"79a126361b3ca733d40ef9866d91d33a8f027784"}
,"C:\\Users\\ArgoZen\\Desktop\\bill-app-ares-romain\\Billed-app-FR-Front\\src\\views\\ErrorPage.js": {"path":"C:\\Users\\ArgoZen\\Desktop\\bill-app-ares-romain\\Billed-app-FR-Front\\src\\views\\ErrorPage.js","statementMap":{"0":{"start":{"line":4,"column":2},"end":{"line":15,"column":3}}},"fnMap":{"0":{"name":"(anonymous_0)","decl":{"start":{"line":3,"column":15},"end":{"line":3,"column":16}},"loc":{"start":{"line":3,"column":26},"end":{"line":16,"column":1}},"line":3}},"branchMap":{"0":{"loc":{"start":{"line":12,"column":12},"end":{"line":12,"column":30}},"type":"cond-expr","locations":[{"start":{"line":12,"column":20},"end":{"line":12,"column":25}},{"start":{"line":12,"column":28},"end":{"line":12,"column":30}}],"line":12}},"s":{"0":10},"f":{"0":10},"b":{"0":[9,1]},"_coverageSchema":"1a1c01bbd47fc00a2c39e90264f33305004495a9","hash":"31cd805a68bc46821bfc84ceb2b004a30dc173eb"}
,"C:\\Users\\ArgoZen\\Desktop\\bill-app-ares-romain\\Billed-app-FR-Front\\src\\views\\LoadingPage.js": {"path":"C:\\Users\\ArgoZen\\Desktop\\bill-app-ares-romain\\Billed-app-FR-Front\\src\\views\\LoadingPage.js","statementMap":{"0":{"start":{"line":5,"column":2},"end":{"line":12,"column":3}}},"fnMap":{"0":{"name":"(anonymous_0)","decl":{"start":{"line":3,"column":15},"end":{"line":3,"column":16}},"loc":{"start":{"line":3,"column":21},"end":{"line":13,"column":1}},"line":3}},"branchMap":{},"s":{"0":8},"f":{"0":8},"b":{},"_coverageSchema":"1a1c01bbd47fc00a2c39e90264f33305004495a9","hash":"e22887aec73bca6d78b793d52b85c3baaddc87f6"}
,"C:\\Users\\ArgoZen\\Desktop\\bill-app-ares-romain\\Billed-app-FR-Front\\src\\views\\LoginUI.js": {"path":"C:\\Users\\ArgoZen\\Desktop\\bill-app-ares-romain\\Billed-app-FR-Front\\src\\views\\LoginUI.js","statementMap":{"0":{"start":{"line":4,"column":2},"end":{"line":46,"column":4}}},"fnMap":{"0":{"name":"(anonymous_0)","decl":{"start":{"line":2,"column":15},"end":{"line":2,"column":16}},"loc":{"start":{"line":2,"column":21},"end":{"line":47,"column":1}},"line":2}},"branchMap":{},"s":{"0":18},"f":{"0":18},"b":{},"_coverageSchema":"1a1c01bbd47fc00a2c39e90264f33305004495a9","hash":"3989e2543969a79f74815955704510b274101abe"}
,"C:\\Users\\ArgoZen\\Desktop\\bill-app-ares-romain\\Billed-app-FR-Front\\src\\views\\NewBillUI.js": {"path":"C:\\Users\\ArgoZen\\Desktop\\bill-app-ares-romain\\Billed-app-FR-Front\\src\\views\\NewBillUI.js","statementMap":{"0":{"start":{"line":5,"column":2},"end":{"line":73,"column":4}}},"fnMap":{"0":{"name":"(anonymous_0)","decl":{"start":{"line":3,"column":15},"end":{"line":3,"column":16}},"loc":{"start":{"line":3,"column":21},"end":{"line":74,"column":1}},"line":3}},"branchMap":{},"s":{"0":10},"f":{"0":10},"b":{},"_coverageSchema":"1a1c01bbd47fc00a2c39e90264f33305004495a9","hash":"02648e7500916475cfb9a37bc90a198aff8c6e5b"}
,"C:\\Users\\ArgoZen\\Desktop\\bill-app-ares-romain\\Billed-app-FR-Front\\src\\views\\VerticalLayout.js": {"path":"C:\\Users\\ArgoZen\\Desktop\\bill-app-ares-romain\\Billed-app-FR-Front\\src\\views\\VerticalLayout.js","statementMap":{"0":{"start":{"line":7,"column":4},"end":{"line":7,"column":51}},"1":{"start":{"line":8,"column":4},"end":{"line":10,"column":5}},"2":{"start":{"line":9,"column":6},"end":{"line":9,"column":29}},"3":{"start":{"line":11,"column":4},"end":{"line":39,"column":5}},"4":{"start":{"line":12,"column":6},"end":{"line":27,"column":7}},"5":{"start":{"line":29,"column":6},"end":{"line":38,"column":7}}},"fnMap":{"0":{"name":"(anonymous_0)","decl":{"start":{"line":5,"column":15},"end":{"line":5,"column":16}},"loc":{"start":{"line":5,"column":27},"end":{"line":40,"column":1}},"line":5}},"branchMap":{"0":{"loc":{"start":{"line":8,"column":4},"end":{"line":10,"column":5}},"type":"if","locations":[{"start":{"line":8,"column":4},"end":{"line":10,"column":5}},{"start":{"line":8,"column":4},"end":{"line":10,"column":5}}],"line":8},"1":{"loc":{"start":{"line":11,"column":4},"end":{"line":39,"column":5}},"type":"if","locations":[{"start":{"line":11,"column":4},"end":{"line":39,"column":5}},{"start":{"line":11,"column":4},"end":{"line":39,"column":5}}],"line":11},"2":{"loc":{"start":{"line":11,"column":8},"end":{"line":11,"column":40}},"type":"binary-expr","locations":[{"start":{"line":11,"column":8},"end":{"line":11,"column":12}},{"start":{"line":11,"column":16},"end":{"line":11,"column":40}}],"line":11}},"s":{"0":50,"1":50,"2":40,"3":50,"4":22,"5":28},"f":{"0":50},"b":{"0":[40,10],"1":[22,28],"2":[50,40]},"_coverageSchema":"1a1c01bbd47fc00a2c39e90264f33305004495a9","hash":"9f616f8c31083b258406302e5d20d79cfc7b6679"}
}
