TN:
SF:src\constants\routes.js
FN:13,(anonymous_0)
FNF:1
FNH:1
FNDA:40,(anonymous_0)
DA:6,6
DA:13,6
DA:14,40
DA:15,40
DA:17,11
DA:19,9
DA:21,7
DA:23,12
DA:25,1
LF:9
LH:9
BRDA:15,0,0,11
BRDA:15,0,1,9
BRDA:15,0,2,7
BRDA:15,0,3,12
BRDA:15,0,4,1
BRF:5
BRH:5
end_of_record
TN:
SF:src\constants\usersTest.js
FNF:0
FNH:0
LF:0
LH:0
BRF:0
BRH:0
end_of_record
TN:
SF:src\containers\Bills.js
FN:6,(anonymous_0)
FN:13,(anonymous_1)
FN:14,(anonymous_2)
FN:19,(anonymous_3)
FN:23,(anonymous_4)
FN:30,(anonymous_5)
FN:35,(anonymous_6)
FN:37,(anonymous_7)
FNF:8
FNH:8
FNDA:5,(anonymous_0)
FNDA:8,(anonymous_1)
FNDA:4,(anonymous_2)
FNDA:3,(anonymous_3)
FNDA:8,(anonymous_4)
FNDA:3,(anonymous_5)
FNDA:2,(anonymous_6)
FNDA:5,(anonymous_7)
DA:7,5
DA:8,5
DA:9,5
DA:10,5
DA:11,5
DA:12,5
DA:13,5
DA:14,8
DA:16,5
DA:19,5
DA:20,3
DA:23,5
DA:24,8
DA:25,8
DA:26,8
DA:27,8
DA:30,5
DA:31,3
DA:32,3
DA:36,2
DA:38,5
DA:39,5
DA:48,1
DA:49,1
DA:57,2
DA:58,2
LF:26
LH:26
BRDA:11,0,0,2
BRDA:11,0,1,3
BRDA:31,1,0,3
BRDA:31,1,1,0
BRF:4
BRH:3
end_of_record
TN:
SF:src\containers\Dashboard.js
FN:8,(anonymous_0)
FN:10,(anonymous_1)
FN:31,(anonymous_2)
FN:57,(anonymous_3)
FN:58,(anonymous_4)
FN:61,(anonymous_5)
FN:73,(anonymous_6)
FN:77,(anonymous_7)
FN:78,(anonymous_8)
FN:79,(anonymous_9)
FN:83,(anonymous_10)
FN:90,(anonymous_11)
FN:94,(anonymous_12)
FN:111,(anonymous_13)
FN:112,(anonymous_14)
FN:115,(anonymous_15)
FN:125,(anonymous_16)
FN:135,(anonymous_17)
FN:150,(anonymous_18)
FN:152,(anonymous_19)
FN:159,(anonymous_20)
FN:164,(anonymous_21)
FN:166,(anonymous_22)
FN:174,(anonymous_23)
FNF:24
FNH:19
FNDA:44,(anonymous_0)
FNDA:104,(anonymous_1)
FNDA:6,(anonymous_2)
FNDA:6,(anonymous_3)
FNDA:6,(anonymous_4)
FNDA:5,(anonymous_5)
FNDA:14,(anonymous_6)
FNDA:0,(anonymous_7)
FNDA:0,(anonymous_8)
FNDA:0,(anonymous_9)
FNDA:1,(anonymous_10)
FNDA:3,(anonymous_11)
FNDA:8,(anonymous_12)
FNDA:0,(anonymous_13)
FNDA:0,(anonymous_14)
FNDA:1,(anonymous_15)
FNDA:1,(anonymous_16)
FNDA:6,(anonymous_17)
FNDA:24,(anonymous_18)
FNDA:3,(anonymous_19)
FNDA:5,(anonymous_20)
FNDA:3,(anonymous_21)
FNDA:12,(anonymous_22)
FNDA:2,(anonymous_23)
DA:8,6
DA:9,44
DA:27,104
DA:31,6
DA:32,6
DA:33,6
DA:35,6
DA:37,6
DA:39,6
DA:57,6
DA:58,6
DA:61,6
DA:62,5
DA:64,3
DA:66,1
DA:68,1
DA:74,14
DA:75,14
DA:76,14
DA:77,14
DA:78,14
DA:79,14
DA:80,14
DA:83,14
DA:84,1
DA:85,1
DA:86,1
DA:87,1
DA:91,3
DA:92,3
DA:93,3
DA:94,2
DA:95,8
DA:97,2
DA:98,2
DA:99,2
DA:100,2
DA:102,1
DA:104,1
DA:107,1
DA:108,1
DA:110,3
DA:111,3
DA:112,3
DA:115,14
DA:116,1
DA:121,1
DA:122,1
DA:125,14
DA:126,1
DA:131,1
DA:132,1
DA:136,6
DA:137,6
DA:138,6
DA:139,5
DA:140,5
DA:142,5
DA:144,1
DA:145,1
DA:147,1
DA:150,6
DA:152,24
DA:155,6
DA:159,14
DA:160,5
DA:161,5
DA:165,3
DA:166,12
DA:172,3
DA:175,2
LF:71
LH:71
BRDA:9,0,0,26
BRDA:9,0,1,18
BRDA:9,1,0,44
BRDA:9,1,1,26
BRDA:33,2,0,0
BRDA:33,2,1,6
BRDA:35,3,0,0
BRDA:35,3,1,6
BRDA:58,4,0,5
BRDA:58,4,1,1
BRDA:58,5,0,6
BRDA:58,5,1,6
BRDA:62,6,0,3
BRDA:62,6,1,1
BRDA:62,6,2,1
BRDA:87,7,0,0
BRDA:87,7,1,1
BRDA:91,8,0,2
BRDA:91,8,1,1
BRDA:91,9,0,3
BRDA:91,9,1,3
BRDA:92,10,0,2
BRDA:92,10,1,1
BRDA:92,11,0,3
BRDA:92,11,1,1
BRDA:93,12,0,2
BRDA:93,12,1,1
BRDA:136,13,0,5
BRDA:136,13,1,1
BRDA:136,14,0,6
BRDA:136,14,1,3
BRDA:137,15,0,5
BRDA:137,15,1,1
BRDA:137,16,0,6
BRDA:137,16,1,3
BRDA:138,17,0,5
BRDA:138,17,1,1
BRDA:160,18,0,5
BRDA:160,18,1,0
BRF:39
BRH:35
end_of_record
TN:
SF:src\containers\Login.js
FN:7,(anonymous_0)
FN:18,(anonymous_1)
FN:28,(anonymous_2)
FN:37,(anonymous_3)
FN:48,(anonymous_4)
FNF:5
FNH:5
FNDA:6,(anonymous_0)
FNDA:2,(anonymous_1)
FNDA:2,(anonymous_2)
FNDA:2,(anonymous_3)
FNDA:2,(anonymous_4)
DA:3,4
DA:8,6
DA:9,6
DA:10,6
DA:11,6
DA:12,6
DA:13,6
DA:14,6
DA:15,6
DA:16,6
DA:18,6
DA:19,2
DA:20,2
DA:26,2
DA:27,2
DA:29,2
DA:30,2
DA:31,2
DA:32,2
DA:37,6
DA:38,2
DA:39,2
DA:46,2
DA:47,2
DA:49,2
DA:50,2
DA:51,2
DA:52,2
LF:28
LH:28
BRF:0
BRH:0
end_of_record
TN:
SF:src\containers\Logout.js
FN:4,(anonymous_0)
FN:11,(anonymous_1)
FNF:2
FNH:2
FNDA:25,(anonymous_0)
FNDA:2,(anonymous_1)
DA:5,25
DA:6,25
DA:7,25
DA:8,25
DA:11,25
DA:12,2
DA:13,2
LF:7
LH:7
BRF:0
BRH:0
end_of_record
TN:
SF:src\containers\NewBill.js
FN:5,(anonymous_0)
FN:18,(anonymous_1)
FN:39,(anonymous_2)
FN:50,(anonymous_3)
FNF:4
FNH:3
FNDA:5,(anonymous_0)
FNDA:6,(anonymous_1)
FNDA:0,(anonymous_2)
FNDA:2,(anonymous_3)
DA:6,5
DA:7,5
DA:8,5
DA:9,5
DA:10,5
DA:11,5
DA:12,5
DA:13,5
DA:14,5
DA:15,5
DA:16,5
DA:18,5
DA:19,6
DA:20,6
DA:21,6
DA:22,6
DA:23,6
DA:24,6
DA:25,6
DA:26,6
DA:27,6
DA:28,6
DA:29,6
DA:30,6
DA:31,0
DA:40,0
DA:41,0
DA:42,0
DA:43,0
DA:46,6
DA:47,6
DA:50,5
DA:51,2
DA:52,2
DA:53,2
DA:54,2
DA:67,2
DA:68,2
LF:38
LH:33
BRDA:30,0,0,0
BRDA:30,0,1,6
BRDA:61,1,0,2
BRDA:61,1,1,0
BRF:4
BRH:2
end_of_record
TN:
SF:src\views\Actions.js
FN:4,(anonymous_0)
FNF:1
FNH:1
FNDA:10,(anonymous_0)
DA:5,10
LF:1
LH:1
BRF:0
BRH:0
end_of_record
TN:
SF:src\views\BillsUI.js
FN:7,(anonymous_0)
FN:24,(anonymous_1)
FN:26,(anonymous_2)
FN:28,(anonymous_3)
FN:31,(anonymous_4)
FN:33,(anonymous_5)
FNF:6
FNH:6
FNDA:8,(anonymous_0)
FNDA:9,(anonymous_1)
FNDA:9,(anonymous_2)
FNDA:8,(anonymous_3)
FNDA:15,(anonymous_4)
FNDA:9,(anonymous_5)
DA:7,6
DA:8,8
DA:24,6
DA:25,9
DA:26,9
DA:27,9
DA:28,9
DA:33,15
DA:50,15
DA:51,1
DA:52,14
DA:53,5
DA:56,9
LF:13
LH:13
BRDA:25,0,0,9
BRDA:25,0,1,6
BRDA:26,1,0,6
BRDA:26,1,1,3
BRDA:26,2,0,9
BRDA:26,2,1,9
BRDA:26,3,0,9
BRDA:26,3,1,9
BRDA:28,4,0,2
BRDA:28,4,1,7
BRDA:28,5,0,9
BRDA:28,5,1,9
BRDA:50,6,0,1
BRDA:50,6,1,14
BRDA:52,7,0,5
BRDA:52,7,1,9
BRF:16
BRH:16
end_of_record
TN:
SF:src\views\DashboardFormUI.js
FN:7,(anonymous_0)
FN:24,(anonymous_1)
FNF:2
FNH:2
FNDA:9,(anonymous_0)
FNDA:9,(anonymous_1)
DA:7,9
DA:26,9
LF:2
LH:2
BRDA:79,0,0,6
BRDA:79,0,1,3
BRDA:92,1,0,6
BRDA:92,1,1,3
BRF:4
BRH:4
end_of_record
TN:
SF:src\views\DashboardUI.js
FN:8,(anonymous_0)
FNF:1
FNH:1
FNDA:21,(anonymous_0)
DA:10,21
DA:11,6
DA:12,15
DA:13,3
DA:16,12
LF:5
LH:5
BRDA:10,0,0,6
BRDA:10,0,1,15
BRDA:12,1,0,3
BRDA:12,1,1,12
BRDA:22,2,0,12
BRDA:22,2,1,7
BRDA:29,3,0,12
BRDA:29,3,1,7
BRDA:36,4,0,12
BRDA:36,4,1,7
BRF:10
BRH:10
end_of_record
TN:
SF:src\views\ErrorPage.js
FN:3,(anonymous_0)
FNF:1
FNH:1
FNDA:10,(anonymous_0)
DA:4,10
LF:1
LH:1
BRDA:12,0,0,9
BRDA:12,0,1,1
BRF:2
BRH:2
end_of_record
TN:
SF:src\views\LoadingPage.js
FN:3,(anonymous_0)
FNF:1
FNH:1
FNDA:8,(anonymous_0)
DA:5,8
LF:1
LH:1
BRF:0
BRH:0
end_of_record
TN:
SF:src\views\LoginUI.js
FN:2,(anonymous_0)
FNF:1
FNH:1
FNDA:18,(anonymous_0)
DA:4,18
LF:1
LH:1
BRF:0
BRH:0
end_of_record
TN:
SF:src\views\NewBillUI.js
FN:3,(anonymous_0)
FNF:1
FNH:1
FNDA:10,(anonymous_0)
DA:5,10
LF:1
LH:1
BRF:0
BRH:0
end_of_record
TN:
SF:src\views\VerticalLayout.js
FN:5,(anonymous_0)
FNF:1
FNH:1
FNDA:50,(anonymous_0)
DA:7,50
DA:8,50
DA:9,40
DA:11,50
DA:12,22
DA:29,28
LF:6
LH:6
BRDA:8,0,0,40
BRDA:8,0,1,10
BRDA:11,1,0,22
BRDA:11,1,1,28
BRDA:11,2,0,50
BRDA:11,2,1,40
BRF:6
BRH:6
end_of_record
